# JRE version: Java(TM) SE Runtime Environment (8.0_172-b11) (build 1.8.0_172-b11)
# Java VM: Java HotSpot(TM) Client VM (25.172-b11 mixed mode windows-x86 )
Heap:
 def new generation   total 121856K, used 121856K [0x04600000, 0x0ca30000, 0x19b50000)
  eden space 108352K, 100% used [0x04600000, 0x0afd0000, 0x0afd0000)
  from space 13504K, 100% used [0x0afd0000, 0x0bd00000, 0x0bd00000)
  to   space 13504K,   0% used [0x0bd00000, 0x0bd00000, 0x0ca30000)
 tenured generation   total 285312K, used 285299K [0x19b50000, 0x2b1f0000, 0x44600000)
   the space 285312K,  99% used [0x19b50000, 0x2b1ecfe8, 0x2b1ed000, 0x2b1f0000)
 Metaspace       used 3533K, capacity 3566K, committed 3648K, reserved 4480K
GC Heap History (10 events):
Event: 15.043 GC heap after
Heap after GC invocations=54 (full 6):
 def new generation   total 119040K, used 13184K [0x04600000, 0x0c720000, 0x19b50000)
  eden space 105856K,   0% used [0x04600000, 0x04600000, 0x0ad60000)
  from space 13184K, 100% used [0x0ba40000, 0x0c720000, 0x0c720000)
  to   space 13184K,   0% used [0x0ad60000, 0x0ad60000, 0x0ba40000)
 tenured generation   total 264416K, used 226251K [0x19b50000, 0x29d88000, 0x44600000)
   the space 264416K,  85% used [0x19b50000, 0x27842c58, 0x27842e00, 0x29d88000)
 Metaspace       used 3533K, capacity 3566K, committed 3648K, reserved 4480K
}
Event: 17.043 GC heap before
{Heap before GC invocations=54 (full 6):
 def new generation   total 119040K, used 119040K [0x04600000, 0x0c720000, 0x19b50000)
  eden space 105856K, 100% used [0x04600000, 0x0ad60000, 0x0ad60000)
  from space 13184K, 100% used [0x0ba40000, 0x0c720000, 0x0c720000)
  to   space 13184K,   0% used [0x0ad60000, 0x0ad60000, 0x0ba40000)
 tenured generation   total 264416K, used 226251K [0x19b50000, 0x29d88000, 0x44600000)
   the space 264416K,  85% used [0x19b50000, 0x27842c58, 0x27842e00, 0x29d88000)
 Metaspace       used 3533K, capacity 3566K, committed 3648K, reserved 4480K
Event: 17.152 GC heap after
Heap after GC invocations=55 (full 6):
 def new generation   total 119040K, used 13184K [0x04600000, 0x0c720000, 0x19b50000)
  eden space 105856K,   0% used [0x04600000, 0x04600000, 0x0ad60000)
  from space 13184K, 100% used [0x0ad60000, 0x0ba40000, 0x0ba40000)
  to   space 13184K,   0% used [0x0ba40000, 0x0ba40000, 0x0c720000)
 tenured generation   total 264416K, used 241784K [0x19b50000, 0x29d88000, 0x44600000)
   the space 264416K,  91% used [0x19b50000, 0x2876e038, 0x2876e200, 0x29d88000)
 Metaspace       used 3533K, capacity 3566K, committed 3648K, reserved 4480K
}
Event: 17.943 GC heap before
{Heap before GC invocations=55 (full 6):
 def new generation   total 119040K, used 119040K [0x04600000, 0x0c720000, 0x19b50000)
  eden space 105856K, 100% used [0x04600000, 0x0ad60000, 0x0ad60000)
  from space 13184K, 100% used [0x0ad60000, 0x0ba40000, 0x0ba40000)
  to   space 13184K,   0% used [0x0ba40000, 0x0ba40000, 0x0c720000)
 tenured generation   total 264416K, used 241784K [0x19b50000, 0x29d88000, 0x44600000)
   the space 264416K,  91% used [0x19b50000, 0x2876e038, 0x2876e200, 0x29d88000)
 Metaspace       used 3533K, capacity 3566K, committed 3648K, reserved 4480K
Event: 18.031 GC heap after
Heap after GC invocations=56 (full 6):
 def new generation   total 119040K, used 13184K [0x04600000, 0x0c720000, 0x19b50000)
  eden space 105856K,   0% used [0x04600000, 0x04600000, 0x0ad60000)
  from space 13184K, 100% used [0x0ba40000, 0x0c720000, 0x0c720000)
  to   space 13184K,   0% used [0x0ad60000, 0x0ad60000, 0x0ba40000)
 tenured generation   total 264416K, used 256928K [0x19b50000, 0x29d88000, 0x44600000)
   the space 264416K,  97% used [0x19b50000, 0x296383f8, 0x29638400, 0x29d88000)
 Metaspace       used 3533K, capacity 3566K, committed 3648K, reserved 4480K
}
Event: 19.835 GC heap before
{Heap before GC invocations=56 (full 6):
 def new generation   total 119040K, used 119040K [0x04600000, 0x0c720000, 0x19b50000)
  eden space 105856K, 100% used [0x04600000, 0x0ad60000, 0x0ad60000)
  from space 13184K, 100% used [0x0ba40000, 0x0c720000, 0x0c720000)
  to   space 13184K,   0% used [0x0ad60000, 0x0ad60000, 0x0ba40000)
 tenured generation   total 264416K, used 256928K [0x19b50000, 0x29d88000, 0x44600000)
   the space 264416K,  97% used [0x19b50000, 0x296383f8, 0x29638400, 0x29d88000)
 Metaspace       used 3533K, capacity 3566K, committed 3648K, reserved 4480K
Event: 22.581 GC heap after
Heap after GC invocations=57 (full 7):
 def new generation   total 121856K, used 13118K [0x04600000, 0x0ca30000, 0x19b50000)
  eden space 108352K,  12% used [0x04600000, 0x052cfb40, 0x0afd0000)
  from space 13504K,   0% used [0x0afd0000, 0x0afd0000, 0x0bd00000)
  to   space 13504K,   0% used [0x0bd00000, 0x0bd00000, 0x0ca30000)
 tenured generation   total 270688K, used 270687K [0x19b50000, 0x2a3a8000, 0x44600000)
   the space 270688K,  99% used [0x19b50000, 0x2a3a7ff8, 0x2a3a8000, 0x2a3a8000)
 Metaspace       used 3533K, capacity 3566K, committed 3648K, reserved 4480K
}
Event: 57.796 GC heap before
{Heap before GC invocations=57 (full 7):
 def new generation   total 121856K, used 108352K [0x04600000, 0x0ca30000, 0x19b50000)
  eden space 108352K, 100% used [0x04600000, 0x0afd0000, 0x0afd0000)
  from space 13504K,   0% used [0x0afd0000, 0x0afd0000, 0x0bd00000)
  to   space 13504K,   0% used [0x0bd00000, 0x0bd00000, 0x0ca30000)
 tenured generation   total 270688K, used 270687K [0x19b50000, 0x2a3a8000, 0x44600000)
   the space 270688K,  99% used [0x19b50000, 0x2a3a7ff8, 0x2a3a8000, 0x2a3a8000)
 Metaspace       used 3533K, capacity 3566K, committed 3648K, reserved 4480K
Event: 59.061 GC heap after
Heap after GC invocations=58 (full 8):
 def new generation   total 121856K, used 1147K [0x04600000, 0x0ca30000, 0x19b50000)
  eden space 108352K,   1% used [0x04600000, 0x0471ef80, 0x0afd0000)
  from space 13504K,   0% used [0x0bd00000, 0x0bd00000, 0x0ca30000)
  to   space 13504K,   0% used [0x0afd0000, 0x0afd0000, 0x0bd00000)
 tenured generation   total 281440K, used 281440K [0x19b50000, 0x2ae28000, 0x44600000)
   the space 281440K, 100% used [0x19b50000, 0x2ae28000, 0x2ae28000, 0x2ae28000)
 Metaspace       used 3533K, capacity 3566K, committed 3648K, reserved 4480K
}
Event: 59.483 GC heap before
{Heap before GC invocations=58 (full 8):
 def new generation   total 121856K, used 108352K [0x04600000, 0x0ca30000, 0x19b50000)
  eden space 108352K, 100% used [0x04600000, 0x0afd0000, 0x0afd0000)
  from space 13504K,   0% used [0x0bd00000, 0x0bd00000, 0x0ca30000)
  to   space 13504K,   0% used [0x0afd0000, 0x0afd0000, 0x0bd00000)
 tenured generation   total 281440K, used 281440K [0x19b50000, 0x2ae28000, 0x44600000)
   the space 281440K, 100% used [0x19b50000, 0x2ae28000, 0x2ae28000, 0x2ae28000)
 Metaspace       used 3533K, capacity 3566K, committed 3648K, reserved 4480K

